2020-10-15 17:14:02,933 INFO  SpringbootshopApplication:55 -Starting SpringbootshopApplication on DESKTOP-NJLU5PA with PID 9136 (E:\zps\javaproject\springbootshop\target\classes started by SoYuan in E:\zps\javaproject\springbootshop)
2020-10-15 17:14:02,960 INFO  SpringbootshopApplication:651 -No active profile set, falling back to default profiles: default
2020-10-15 17:14:07,188 INFO  Http11NioProtocol:173 -Initializing ProtocolHandler ["http-nio-8080"]
2020-10-15 17:14:07,190 INFO  StandardService:173 -Starting service [Tomcat]
2020-10-15 17:14:07,191 INFO  StandardEngine:173 -Starting Servlet engine: [Apache Tomcat/9.0.38]
2020-10-15 17:14:07,541 INFO  [/]:173 -Initializing Spring embedded WebApplicationContext
2020-10-15 17:14:07,847 INFO  HikariDataSource:110 -HikariPool-1 - Starting...
2020-10-15 17:14:16,923 INFO  HikariDataSource:123 -HikariPool-1 - Start completed.
2020-10-15 17:14:17,710 INFO  LogHelper:31 -HHH000204: Processing PersistenceUnitInfo [name: default]
2020-10-15 17:14:17,898 INFO  Version:44 -HHH000412: Hibernate ORM core version 5.4.21.Final
2020-10-15 17:14:18,514 INFO  Version:49 -HCANN000001: Hibernate Commons Annotations {5.1.0.Final}
2020-10-15 17:14:19,167 INFO  Dialect:170 -HHH000400: Using dialect: org.hibernate.dialect.H2Dialect
2020-10-15 17:14:21,202 INFO  JtaPlatformInitiator:52 -HHH000490: Using JtaPlatform implementation: [org.hibernate.engine.transaction.jta.platform.internal.NoJtaPlatform]
2020-10-15 17:14:21,493 INFO  Http11NioProtocol:173 -Starting ProtocolHandler ["http-nio-8080"]
2020-10-15 17:14:22,503 INFO  SpringbootshopApplication:61 -Started SpringbootshopApplication in 21.0 seconds (JVM running for 23.146)
2020-10-15 17:51:44,601 INFO  SpringbootshopApplication:55 -Starting SpringbootshopApplication on DESKTOP-NJLU5PA with PID 19312 (E:\zps\javaproject\SpringcloudLearn\target\classes started by SoYuan in E:\zps\javaproject\SpringcloudLearn)
2020-10-15 17:51:44,624 INFO  SpringbootshopApplication:651 -No active profile set, falling back to default profiles: default
2020-10-15 17:51:50,404 INFO  Http11NioProtocol:173 -Initializing ProtocolHandler ["http-nio-8080"]
2020-10-15 17:51:50,405 INFO  StandardService:173 -Starting service [Tomcat]
2020-10-15 17:51:50,406 INFO  StandardEngine:173 -Starting Servlet engine: [Apache Tomcat/9.0.38]
2020-10-15 17:51:50,819 INFO  [/]:173 -Initializing Spring embedded WebApplicationContext
2020-10-15 17:51:51,182 INFO  HikariDataSource:110 -HikariPool-1 - Starting...
2020-10-15 17:52:00,283 INFO  HikariDataSource:123 -HikariPool-1 - Start completed.
2020-10-15 17:52:01,019 INFO  LogHelper:31 -HHH000204: Processing PersistenceUnitInfo [name: default]
2020-10-15 17:52:01,189 INFO  Version:44 -HHH000412: Hibernate ORM core version 5.4.21.Final
2020-10-15 17:52:01,944 INFO  Version:49 -HCANN000001: Hibernate Commons Annotations {5.1.0.Final}
2020-10-15 17:52:02,450 INFO  Dialect:170 -HHH000400: Using dialect: org.hibernate.dialect.H2Dialect
2020-10-15 17:52:04,290 INFO  JtaPlatformInitiator:52 -HHH000490: Using JtaPlatform implementation: [org.hibernate.engine.transaction.jta.platform.internal.NoJtaPlatform]
2020-10-15 17:52:04,498 INFO  Http11NioProtocol:173 -Starting ProtocolHandler ["http-nio-8080"]
2020-10-15 17:52:05,502 INFO  SpringbootshopApplication:61 -Started SpringbootshopApplication in 22.63 seconds (JVM running for 25.562)
2020-10-15 17:52:11,038 INFO  [/]:173 -Initializing Spring DispatcherServlet 'dispatcherServlet'
